<?xml version="1.0" encoding="UTF-8"?>
<!-- Generated by org.testng.reporters.JUnitReportReporter -->
<testsuite skipped="0" hostname="DhanaShree" name="com.selenium.SeleniumDemo.TestLogin" tests="1" failures="0" timestamp="03 Oct 2017 06:23:34 GMT" time="32.378" errors="0">
  <testcase name="initializeLogin" time="32.378" classname="com.selenium.SeleniumDemo.TestLogin"/>
</testsuite> <!-- com.selenium.SeleniumDemo.TestLogin -->
